baselibrary/build/outputs/logs/manifest-merger-debug-report.txt
-- Merging decision tree log ---
manifest
ADDED from src\main\AndroidManifest.xml:1:1-9:12
INJECTED from src\main\AndroidManifest.xml:1:1-9:12
INJECTED from src\main\AndroidManifest.xml:1:1-9:12
	package
		ADDED from src\main\AndroidManifest.xml:2:5-33
		INJECTED from src\main\AndroidManifest.xml
		INJECTED from src\main\AndroidManifest.xml
	xmlns:android
		ADDED from src\main\AndroidManifest.xml:1:11-69
uses-sdk
ADDED from src\main\AndroidManifest.xml:4:5-6:41
INJECTED from src\main\AndroidManifest.xml:4:5-6:41
INJECTED from src\main\AndroidManifest.xml:4:5-6:41
INJECTED from src\main\AndroidManifest.xml:4:5-6:41
INJECTED from src\main\AndroidManifest.xml:4:5-6:41
	android:targetSdkVersion
		ADDED from src\main\AndroidManifest.xml:6:9-38
		INJECTED from src\main\AndroidManifest.xml
		INJECTED from src\main\AndroidManifest.xml
	android:minSdkVersion
		ADDED from src\main\AndroidManifest.xml:5:9-34
		INJECTED from src\main\AndroidManifest.xml
		INJECTED from src\main\AndroidManifest.xml